nohup: ignoring input
ERROR:root:Can not find checkpoint for expe/20250527_143436_ia2c/model/
2025-05-27 14:34:37.088446: I tensorflow/core/util/port.cc:110] oneDNN custom operations are on. You may see slightly different numerical results due to floating-point round-off errors from different computation orders. To turn them off, set the environment variable `TF_ENABLE_ONEDNN_OPTS=0`.
2025-05-27 14:34:37.114229: I tensorflow/core/platform/cpu_feature_guard.cc:182] This TensorFlow binary is optimized to use available CPU instructions in performance-critical operations.
To enable the following instructions: AVX2 AVX_VNNI FMA, in other operations, rebuild TensorFlow with the appropriate compiler flags.
2025-05-27 14:34:37.500227: W tensorflow/compiler/tf2tensorrt/utils/py_utils.cc:38] TF-TRT Warning: Could not find TensorRT
Error: tcpip::Socket::accept() Unable to create listening socket: Address already in use
Quitting (on error).
 Retrying in 1 seconds
Could not connect to TraCI server at localhost:8000 [Errno 111] Connection refused
 Retrying in 1 seconds
Could not connect to TraCI server at localhost:8000 [Errno 111] Connection refused
 Retrying in 1 seconds
Could not connect to TraCI server at localhost:8000 [Errno 111] Connection refused
 Retrying in 1 seconds
Could not connect to TraCI server at localhost:8000 [Errno 111] Connection refused
 Retrying in 1 seconds
Could not connect to TraCI server at localhost:8000 [Errno 111] Connection refused
 Retrying in 1 seconds
Could not connect to TraCI server at localhost:8000 [Errno 111] Connection refused
 Retrying in 1 seconds
Could not connect to TraCI server at localhost:8000 [Errno 111] Connection refused
 Retrying in 1 seconds
Could not connect to TraCI server at localhost:8000 [Errno 111] Connection refused
 Retrying in 1 seconds
Could not connect to TraCI server at localhost:8000 [Errno 111] Connection refused
 Retrying in 1 seconds
Could not connect to TraCI server at localhost:8000 [Errno 111] Connection refused
 Retrying in 1 seconds
Could not connect to TraCI server at localhost:8000 [Errno 111] Connection refused
 Retrying in 1 seconds
Could not connect to TraCI server at localhost:8000 [Errno 111] Connection refused
 Retrying in 1 seconds
Could not connect to TraCI server at localhost:8000 [Errno 111] Connection refused
 Retrying in 1 seconds
Could not connect to TraCI server at localhost:8000 [Errno 111] Connection refused
 Retrying in 1 seconds
Could not connect to TraCI server at localhost:8000 [Errno 111] Connection refused
 Retrying in 1 seconds
Could not connect to TraCI server at localhost:8000 [Errno 111] Connection refused
 Retrying in 1 seconds
Could not connect to TraCI server at localhost:8000 [Errno 111] Connection refused
 Retrying in 1 seconds
Could not connect to TraCI server at localhost:8000 [Errno 111] Connection refused
 Retrying in 1 seconds
Could not connect to TraCI server at localhost:8000 [Errno 111] Connection refused
 Retrying in 1 seconds
Could not connect to TraCI server at localhost:8000 [Errno 111] Connection refused
 Retrying in 1 seconds
Could not connect to TraCI server at localhost:8000 [Errno 111] Connection refused
 Retrying in 1 seconds
Could not connect to TraCI server at localhost:8000 [Errno 111] Connection refused
 Retrying in 1 seconds
Could not connect to TraCI server at localhost:8000 [Errno 111] Connection refused
 Retrying in 1 seconds
Could not connect to TraCI server at localhost:8000 [Errno 111] Connection refused
 Retrying in 1 seconds
Could not connect to TraCI server at localhost:8000 [Errno 111] Connection refused
 Retrying in 1 seconds
Could not connect to TraCI server at localhost:8000 [Errno 111] Connection refused
 Retrying in 1 seconds
Could not connect to TraCI server at localhost:8000 [Errno 111] Connection refused
 Retrying in 1 seconds
Could not connect to TraCI server at localhost:8000 [Errno 111] Connection refused
 Retrying in 1 seconds
Could not connect to TraCI server at localhost:8000 [Errno 111] Connection refused
 Retrying in 1 seconds
Could not connect to TraCI server at localhost:8000 [Errno 111] Connection refused
 Retrying in 1 seconds
Could not connect to TraCI server at localhost:8000 [Errno 111] Connection refused
 Retrying in 1 seconds
Could not connect to TraCI server at localhost:8000 [Errno 111] Connection refused
 Retrying in 1 seconds
Could not connect to TraCI server at localhost:8000 [Errno 111] Connection refused
 Retrying in 1 seconds
Could not connect to TraCI server at localhost:8000 [Errno 111] Connection refused
 Retrying in 1 seconds
Could not connect to TraCI server at localhost:8000 [Errno 111] Connection refused
 Retrying in 1 seconds
Could not connect to TraCI server at localhost:8000 [Errno 111] Connection refused
 Retrying in 1 seconds
Could not connect to TraCI server at localhost:8000 [Errno 111] Connection refused
 Retrying in 1 seconds
Could not connect to TraCI server at localhost:8000 [Errno 111] Connection refused
 Retrying in 1 seconds
Could not connect to TraCI server at localhost:8000 [Errno 111] Connection refused
 Retrying in 1 seconds
Could not connect to TraCI server at localhost:8000 [Errno 111] Connection refused
 Retrying in 1 seconds
Could not connect to TraCI server at localhost:8000 [Errno 111] Connection refused
 Retrying in 1 seconds
Could not connect to TraCI server at localhost:8000 [Errno 111] Connection refused
 Retrying in 1 seconds
Could not connect to TraCI server at localhost:8000 [Errno 111] Connection refused
 Retrying in 1 seconds
Could not connect to TraCI server at localhost:8000 [Errno 111] Connection refused
 Retrying in 1 seconds
Could not connect to TraCI server at localhost:8000 [Errno 111] Connection refused
 Retrying in 1 seconds
Could not connect to TraCI server at localhost:8000 [Errno 111] Connection refused
 Retrying in 1 seconds
Could not connect to TraCI server at localhost:8000 [Errno 111] Connection refused
 Retrying in 1 seconds
Could not connect to TraCI server at localhost:8000 [Errno 111] Connection refused
 Retrying in 1 seconds
Could not connect to TraCI server at localhost:8000 [Errno 111] Connection refused
 Retrying in 1 seconds
Could not connect to TraCI server at localhost:8000 [Errno 111] Connection refused
 Retrying in 1 seconds
Could not connect to TraCI server at localhost:8000 [Errno 111] Connection refused
 Retrying in 1 seconds
Could not connect to TraCI server at localhost:8000 [Errno 111] Connection refused
 Retrying in 1 seconds
Could not connect to TraCI server at localhost:8000 [Errno 111] Connection refused
 Retrying in 1 seconds
Could not connect to TraCI server at localhost:8000 [Errno 111] Connection refused
 Retrying in 1 seconds
Could not connect to TraCI server at localhost:8000 [Errno 111] Connection refused
 Retrying in 1 seconds
Could not connect to TraCI server at localhost:8000 [Errno 111] Connection refused
 Retrying in 1 seconds
Could not connect to TraCI server at localhost:8000 [Errno 111] Connection refused
 Retrying in 1 seconds
Could not connect to TraCI server at localhost:8000 [Errno 111] Connection refused
 Retrying in 1 seconds
Could not connect to TraCI server at localhost:8000 [Errno 111] Connection refused
 Retrying in 1 seconds
Could not connect to TraCI server at localhost:8000 [Errno 111] Connection refused
Traceback (most recent call last):
  File "main.py", line 163, in <module>
    train(args)
  File "main.py", line 106, in train
    trainer.run()
  File "/home/marl_projects/deeprl_network/utils.py", line 213, in run
    ob = self.env.reset()
  File "/home/marl_projects/deeprl_network/envs/atsc_env.py", line 172, in reset
    self._init_sim(seed, gui=gui)
  File "/home/marl_projects/deeprl_network/envs/atsc_env.py", line 362, in _init_sim
    self.sim = traci.connect(port=self.port)
  File "/usr/share/sumo/tools/traci/main.py", line 106, in connect
    raise FatalTraCIError("Could not connect in %s tries" % (numRetries + 1))
traci.exceptions.FatalTraCIError: Could not connect in 61 tries
